Read yaml solverToFortran.yaml
library C wrappers
namespace FortranBindings
C c void solveDecompFloat(size_t frontBackPtr, const size_t fbLd, size_t leftRightPtr, const size_t lrLd, size_t topBottomPtr, const size_t tbLd, size_t fPtr, const size_t fStride, size_t xPtr, const size_t xStride, const size_t height, const size_t width, const size_t depth, size_t rowsXRowsPtr, const size_t rowsXRowsLd, size_t colsXColsPtr, const size_t colsXColsLd, size_t depthsXDepthsPtr, const size_t depthsXDepthsLd, size_t maxDimX3Ptr, const size_t maxDimX3Ld)
C f void solveDecompFloat(size_t frontBackPtr, const size_t fbLd, size_t leftRightPtr, const size_t lrLd, size_t topBottomPtr, const size_t tbLd, size_t fPtr, const size_t fStride, size_t xPtr, const size_t xStride, const size_t height, const size_t width, const size_t depth, size_t rowsXRowsPtr, const size_t rowsXRowsLd, size_t colsXColsPtr, const size_t colsXColsLd, size_t depthsXDepthsPtr, const size_t depthsXDepthsLd, size_t maxDimX3Ptr, const size_t maxDimX3Ld)
C c void solveDecompDouble(size_t frontBackPtr, const size_t fbLd, size_t leftRightPtr, const size_t lrLd, size_t topBottomPtr, const size_t tbLd, size_t fPtr, const size_t fStride, size_t xPtr, const size_t xStride, const size_t height, const size_t width, const size_t depth, size_t rowsXRowsPtr, const size_t rowsXRowsLd, size_t colsXColsPtr, const size_t colsXColsLd, size_t depthsXDepthsPtr, const size_t depthsXDepthsLd, size_t maxDimX3Ptr, const size_t maxDimX3Ld)
C f void solveDecompDouble(size_t frontBackPtr, const size_t fbLd, size_t leftRightPtr, const size_t lrLd, size_t topBottomPtr, const size_t tbLd, size_t fPtr, const size_t fStride, size_t xPtr, const size_t xStride, const size_t height, const size_t width, const size_t depth, size_t rowsXRowsPtr, const size_t rowsXRowsLd, size_t colsXColsPtr, const size_t colsXColsLd, size_t depthsXDepthsPtr, const size_t depthsXDepthsLd, size_t maxDimX3Ptr, const size_t maxDimX3Ld)
C c void solveBiCGSTAB(size_t APtr, const size_t aLd, size_t indsPtrInt32_t, const size_t indsStride, const size_t numInds, size_t bPtr, const size_t bStride, const size_t bSize, size_t prealocatedSizeX7Ptr, const size_t prealocatedLd, size_t maxIterations, float tolerance)
C f void solveBiCGSTAB(size_t APtr, const size_t aLd, size_t indsPtrInt32_t, const size_t indsStride, const size_t numInds, size_t bPtr, const size_t bStride, const size_t bSize, size_t prealocatedSizeX7Ptr, const size_t prealocatedLd, size_t maxIterations, float tolerance)
C c void solveBiCGSTAB(size_t APtr, const size_t aLd, size_t indsPtrInt32_t, const size_t indsStride, const size_t numInds, size_t bPtr, const size_t bStride, const size_t bSize, size_t prealocatedSizeX7Ptr, const size_t prealocatedLd, size_t maxIterations, double tolerance)
C f void solveBiCGSTAB(size_t APtr, const size_t aLd, size_t indsPtrInt32_t, const size_t indsStride, const size_t numInds, size_t bPtr, const size_t bStride, const size_t bSize, size_t prealocatedSizeX7Ptr, const size_t prealocatedLd, size_t maxIterations, double tolerance)
Close wrapFortranBindings.h
Close wrapFortranBindings.cpp
library Fortran wrappers
namespace FortranBindings
Fortran void solveDecompFloat(size_t frontBackPtr, const size_t fbLd, size_t leftRightPtr, const size_t lrLd, size_t topBottomPtr, const size_t tbLd, size_t fPtr, const size_t fStride, size_t xPtr, const size_t xStride, const size_t height, const size_t width, const size_t depth, size_t rowsXRowsPtr, const size_t rowsXRowsLd, size_t colsXColsPtr, const size_t colsXColsLd, size_t depthsXDepthsPtr, const size_t depthsXDepthsLd, size_t maxDimX3Ptr, const size_t maxDimX3Ld)
Fortran void solveDecompDouble(size_t frontBackPtr, const size_t fbLd, size_t leftRightPtr, const size_t lrLd, size_t topBottomPtr, const size_t tbLd, size_t fPtr, const size_t fStride, size_t xPtr, const size_t xStride, const size_t height, const size_t width, const size_t depth, size_t rowsXRowsPtr, const size_t rowsXRowsLd, size_t colsXColsPtr, const size_t colsXColsLd, size_t depthsXDepthsPtr, const size_t depthsXDepthsLd, size_t maxDimX3Ptr, const size_t maxDimX3Ld)
Fortran void solveBiCGSTAB(size_t APtr, const size_t aLd, size_t indsPtrInt32_t, const size_t indsStride, const size_t numInds, size_t bPtr, const size_t bStride, const size_t bSize, size_t prealocatedSizeX7Ptr, const size_t prealocatedLd, size_t maxIterations, float tolerance)
Fortran void solveBiCGSTAB(size_t APtr, const size_t aLd, size_t indsPtrInt32_t, const size_t indsStride, const size_t numInds, size_t bPtr, const size_t bStride, const size_t bSize, size_t prealocatedSizeX7Ptr, const size_t prealocatedLd, size_t maxIterations, double tolerance)
C-interface f void solveDecompFloat(size_t frontBackPtr, const size_t fbLd, size_t leftRightPtr, const size_t lrLd, size_t topBottomPtr, const size_t tbLd, size_t fPtr, const size_t fStride, size_t xPtr, const size_t xStride, const size_t height, const size_t width, const size_t depth, size_t rowsXRowsPtr, const size_t rowsXRowsLd, size_t colsXColsPtr, const size_t colsXColsLd, size_t depthsXDepthsPtr, const size_t depthsXDepthsLd, size_t maxDimX3Ptr, const size_t maxDimX3Ld)
C-interface f void solveDecompDouble(size_t frontBackPtr, const size_t fbLd, size_t leftRightPtr, const size_t lrLd, size_t topBottomPtr, const size_t tbLd, size_t fPtr, const size_t fStride, size_t xPtr, const size_t xStride, const size_t height, const size_t width, const size_t depth, size_t rowsXRowsPtr, const size_t rowsXRowsLd, size_t colsXColsPtr, const size_t colsXColsLd, size_t depthsXDepthsPtr, const size_t depthsXDepthsLd, size_t maxDimX3Ptr, const size_t maxDimX3Ld)
C-interface f void solveBiCGSTAB(size_t APtr, const size_t aLd, size_t indsPtrInt32_t, const size_t indsStride, const size_t numInds, size_t bPtr, const size_t bStride, const size_t bSize, size_t prealocatedSizeX7Ptr, const size_t prealocatedLd, size_t maxIterations, float tolerance)
C-interface f void solveBiCGSTAB(size_t APtr, const size_t aLd, size_t indsPtrInt32_t, const size_t indsStride, const size_t numInds, size_t bPtr, const size_t bStride, const size_t bSize, size_t prealocatedSizeX7Ptr, const size_t prealocatedLd, size_t maxIterations, double tolerance)
Close wrapffortranbindings.f
Close utilFortranBindings.cpp
Close typesFortranBindings.h
